Using device: cuda:0

#######################################################################
Please cite the following paper when using nnU-Net:
Isensee, F., Jaeger, P. F., Kohl, S. A., Petersen, J., & Maier-Hein, K. H. (2021). nnU-Net: a self-configuring method for deep learning-based biomedical image segmentation. Nature methods, 18(2), 203-211.
#######################################################################

PanSegMamba: PanSegMamba(
  (encoder): ResidualMambaEncoder(
    (stem): StackedConvBlocks(
      (convs): Sequential(
        (0): ConvDropoutNormReLU(
          (conv): Conv3d(4, 32, kernel_size=(3, 3, 3), stride=(1, 1, 1), padding=(1, 1, 1))
          (norm): InstanceNorm3d(32, eps=1e-05, momentum=0.1, affine=True, track_running_stats=False)
          (nonlin): LeakyReLU(negative_slope=0.01, inplace=True)
          (all_modules): Sequential(
            (0): Conv3d(4, 32, kernel_size=(3, 3, 3), stride=(1, 1, 1), padding=(1, 1, 1))
            (1): InstanceNorm3d(32, eps=1e-05, momentum=0.1, affine=True, track_running_stats=False)
            (2): LeakyReLU(negative_slope=0.01, inplace=True)
          )
        )
      )
    )
    (stages): ModuleList(
      (0): StackedResidualBlocks(
        (blocks): Sequential(
          (0): BasicBlockD(
            (conv1): ConvDropoutNormReLU(
              (conv): Conv3d(32, 32, kernel_size=(3, 3, 3), stride=(1, 1, 1), padding=(1, 1, 1))
              (norm): InstanceNorm3d(32, eps=1e-05, momentum=0.1, affine=True, track_running_stats=False)
              (nonlin): LeakyReLU(negative_slope=0.01, inplace=True)
              (all_modules): Sequential(
                (0): Conv3d(32, 32, kernel_size=(3, 3, 3), stride=(1, 1, 1), padding=(1, 1, 1))
                (1): InstanceNorm3d(32, eps=1e-05, momentum=0.1, affine=True, track_running_stats=False)
                (2): LeakyReLU(negative_slope=0.01, inplace=True)
              )
            )
            (conv2): ConvDropoutNormReLU(
              (conv): Conv3d(32, 32, kernel_size=(3, 3, 3), stride=(1, 1, 1), padding=(1, 1, 1))
              (norm): InstanceNorm3d(32, eps=1e-05, momentum=0.1, affine=True, track_running_stats=False)
              (all_modules): Sequential(
                (0): Conv3d(32, 32, kernel_size=(3, 3, 3), stride=(1, 1, 1), padding=(1, 1, 1))
                (1): InstanceNorm3d(32, eps=1e-05, momentum=0.1, affine=True, track_running_stats=False)
              )
            )
            (nonlin2): LeakyReLU(negative_slope=0.01, inplace=True)
          )
          (1): BasicBlockD(
            (conv1): ConvDropoutNormReLU(
              (conv): Conv3d(32, 32, kernel_size=(3, 3, 3), stride=(1, 1, 1), padding=(1, 1, 1))
              (norm): InstanceNorm3d(32, eps=1e-05, momentum=0.1, affine=True, track_running_stats=False)
              (nonlin): LeakyReLU(negative_slope=0.01, inplace=True)
              (all_modules): Sequential(
                (0): Conv3d(32, 32, kernel_size=(3, 3, 3), stride=(1, 1, 1), padding=(1, 1, 1))
                (1): InstanceNorm3d(32, eps=1e-05, momentum=0.1, affine=True, track_running_stats=False)
                (2): LeakyReLU(negative_slope=0.01, inplace=True)
              )
            )
            (conv2): ConvDropoutNormReLU(
              (conv): Conv3d(32, 32, kernel_size=(3, 3, 3), stride=(1, 1, 1), padding=(1, 1, 1))
              (norm): InstanceNorm3d(32, eps=1e-05, momentum=0.1, affine=True, track_running_stats=False)
              (all_modules): Sequential(
                (0): Conv3d(32, 32, kernel_size=(3, 3, 3), stride=(1, 1, 1), padding=(1, 1, 1))
                (1): InstanceNorm3d(32, eps=1e-05, momentum=0.1, affine=True, track_running_stats=False)
              )
            )
            (nonlin2): LeakyReLU(negative_slope=0.01, inplace=True)
          )
        )
      )
      (1): StackedResidualBlocks(
        (blocks): Sequential(
          (0): BasicBlockD(
            (conv1): ConvDropoutNormReLU(
              (conv): Conv3d(32, 64, kernel_size=(3, 3, 3), stride=(2, 2, 2), padding=(1, 1, 1))
              (norm): InstanceNorm3d(64, eps=1e-05, momentum=0.1, affine=True, track_running_stats=False)
              (nonlin): LeakyReLU(negative_slope=0.01, inplace=True)
              (all_modules): Sequential(
                (0): Conv3d(32, 64, kernel_size=(3, 3, 3), stride=(2, 2, 2), padding=(1, 1, 1))
                (1): InstanceNorm3d(64, eps=1e-05, momentum=0.1, affine=True, track_running_stats=False)
                (2): LeakyReLU(negative_slope=0.01, inplace=True)
              )
            )
            (conv2): ConvDropoutNormReLU(
              (conv): Conv3d(64, 64, kernel_size=(3, 3, 3), stride=(1, 1, 1), padding=(1, 1, 1))
              (norm): InstanceNorm3d(64, eps=1e-05, momentum=0.1, affine=True, track_running_stats=False)
              (all_modules): Sequential(
                (0): Conv3d(64, 64, kernel_size=(3, 3, 3), stride=(1, 1, 1), padding=(1, 1, 1))
                (1): InstanceNorm3d(64, eps=1e-05, momentum=0.1, affine=True, track_running_stats=False)
              )
            )
            (nonlin2): LeakyReLU(negative_slope=0.01, inplace=True)
            (skip): Sequential(
              (0): AvgPool3d(kernel_size=[2, 2, 2], stride=[2, 2, 2], padding=0)
              (1): ConvDropoutNormReLU(
                (conv): Conv3d(32, 64, kernel_size=(1, 1, 1), stride=(1, 1, 1), bias=False)
                (norm): InstanceNorm3d(64, eps=1e-05, momentum=0.1, affine=True, track_running_stats=False)
                (all_modules): Sequential(
                  (0): Conv3d(32, 64, kernel_size=(1, 1, 1), stride=(1, 1, 1), bias=False)
                  (1): InstanceNorm3d(64, eps=1e-05, momentum=0.1, affine=True, track_running_stats=False)
                )
              )
            )
          )
          (1): BasicBlockD(
            (conv1): ConvDropoutNormReLU(
              (conv): Conv3d(64, 64, kernel_size=(3, 3, 3), stride=(1, 1, 1), padding=(1, 1, 1))
              (norm): InstanceNorm3d(64, eps=1e-05, momentum=0.1, affine=True, track_running_stats=False)
              (nonlin): LeakyReLU(negative_slope=0.01, inplace=True)
              (all_modules): Sequential(
                (0): Conv3d(64, 64, kernel_size=(3, 3, 3), stride=(1, 1, 1), padding=(1, 1, 1))
                (1): InstanceNorm3d(64, eps=1e-05, momentum=0.1, affine=True, track_running_stats=False)
                (2): LeakyReLU(negative_slope=0.01, inplace=True)
              )
            )
            (conv2): ConvDropoutNormReLU(
              (conv): Conv3d(64, 64, kernel_size=(3, 3, 3), stride=(1, 1, 1), padding=(1, 1, 1))
              (norm): InstanceNorm3d(64, eps=1e-05, momentum=0.1, affine=True, track_running_stats=False)
              (all_modules): Sequential(
                (0): Conv3d(64, 64, kernel_size=(3, 3, 3), stride=(1, 1, 1), padding=(1, 1, 1))
                (1): InstanceNorm3d(64, eps=1e-05, momentum=0.1, affine=True, track_running_stats=False)
              )
            )
            (nonlin2): LeakyReLU(negative_slope=0.01, inplace=True)
          )
        )
      )
      (2): StackedResidualBlocks(
        (blocks): Sequential(
          (0): BasicBlockD(
            (conv1): ConvDropoutNormReLU(
              (conv): Conv3d(64, 128, kernel_size=(3, 3, 3), stride=(2, 2, 2), padding=(1, 1, 1))
              (norm): InstanceNorm3d(128, eps=1e-05, momentum=0.1, affine=True, track_running_stats=False)
              (nonlin): LeakyReLU(negative_slope=0.01, inplace=True)
              (all_modules): Sequential(
                (0): Conv3d(64, 128, kernel_size=(3, 3, 3), stride=(2, 2, 2), padding=(1, 1, 1))
                (1): InstanceNorm3d(128, eps=1e-05, momentum=0.1, affine=True, track_running_stats=False)
                (2): LeakyReLU(negative_slope=0.01, inplace=True)
              )
            )
            (conv2): ConvDropoutNormReLU(
              (conv): Conv3d(128, 128, kernel_size=(3, 3, 3), stride=(1, 1, 1), padding=(1, 1, 1))
              (norm): InstanceNorm3d(128, eps=1e-05, momentum=0.1, affine=True, track_running_stats=False)
              (all_modules): Sequential(
                (0): Conv3d(128, 128, kernel_size=(3, 3, 3), stride=(1, 1, 1), padding=(1, 1, 1))
                (1): InstanceNorm3d(128, eps=1e-05, momentum=0.1, affine=True, track_running_stats=False)
              )
            )
            (nonlin2): LeakyReLU(negative_slope=0.01, inplace=True)
            (skip): Sequential(
              (0): AvgPool3d(kernel_size=[2, 2, 2], stride=[2, 2, 2], padding=0)
              (1): ConvDropoutNormReLU(
                (conv): Conv3d(64, 128, kernel_size=(1, 1, 1), stride=(1, 1, 1), bias=False)
                (norm): InstanceNorm3d(128, eps=1e-05, momentum=0.1, affine=True, track_running_stats=False)
                (all_modules): Sequential(
                  (0): Conv3d(64, 128, kernel_size=(1, 1, 1), stride=(1, 1, 1), bias=False)
                  (1): InstanceNorm3d(128, eps=1e-05, momentum=0.1, affine=True, track_running_stats=False)
                )
              )
            )
          )
          (1): BasicBlockD(
            (conv1): ConvDropoutNormReLU(
              (conv): Conv3d(128, 128, kernel_size=(3, 3, 3), stride=(1, 1, 1), padding=(1, 1, 1))
              (norm): InstanceNorm3d(128, eps=1e-05, momentum=0.1, affine=True, track_running_stats=False)
              (nonlin): LeakyReLU(negative_slope=0.01, inplace=True)
              (all_modules): Sequential(
                (0): Conv3d(128, 128, kernel_size=(3, 3, 3), stride=(1, 1, 1), padding=(1, 1, 1))
                (1): InstanceNorm3d(128, eps=1e-05, momentum=0.1, affine=True, track_running_stats=False)
                (2): LeakyReLU(negative_slope=0.01, inplace=True)
              )
            )
            (conv2): ConvDropoutNormReLU(
              (conv): Conv3d(128, 128, kernel_size=(3, 3, 3), stride=(1, 1, 1), padding=(1, 1, 1))
              (norm): InstanceNorm3d(128, eps=1e-05, momentum=0.1, affine=True, track_running_stats=False)
              (all_modules): Sequential(
                (0): Conv3d(128, 128, kernel_size=(3, 3, 3), stride=(1, 1, 1), padding=(1, 1, 1))
                (1): InstanceNorm3d(128, eps=1e-05, momentum=0.1, affine=True, track_running_stats=False)
              )
            )
            (nonlin2): LeakyReLU(negative_slope=0.01, inplace=True)
          )
        )
      )
      (3): StackedResidualBlocks(
        (blocks): Sequential(
          (0): BasicBlockD(
            (conv1): ConvDropoutNormReLU(
              (conv): Conv3d(128, 256, kernel_size=(3, 3, 3), stride=(2, 2, 2), padding=(1, 1, 1))
              (norm): InstanceNorm3d(256, eps=1e-05, momentum=0.1, affine=True, track_running_stats=False)
              (nonlin): LeakyReLU(negative_slope=0.01, inplace=True)
              (all_modules): Sequential(
                (0): Conv3d(128, 256, kernel_size=(3, 3, 3), stride=(2, 2, 2), padding=(1, 1, 1))
                (1): InstanceNorm3d(256, eps=1e-05, momentum=0.1, affine=True, track_running_stats=False)
                (2): LeakyReLU(negative_slope=0.01, inplace=True)
              )
            )
            (conv2): ConvDropoutNormReLU(
              (conv): Conv3d(256, 256, kernel_size=(3, 3, 3), stride=(1, 1, 1), padding=(1, 1, 1))
              (norm): InstanceNorm3d(256, eps=1e-05, momentum=0.1, affine=True, track_running_stats=False)
              (all_modules): Sequential(
                (0): Conv3d(256, 256, kernel_size=(3, 3, 3), stride=(1, 1, 1), padding=(1, 1, 1))
                (1): InstanceNorm3d(256, eps=1e-05, momentum=0.1, affine=True, track_running_stats=False)
              )
            )
            (nonlin2): LeakyReLU(negative_slope=0.01, inplace=True)
            (skip): Sequential(
              (0): AvgPool3d(kernel_size=[2, 2, 2], stride=[2, 2, 2], padding=0)
              (1): ConvDropoutNormReLU(
                (conv): Conv3d(128, 256, kernel_size=(1, 1, 1), stride=(1, 1, 1), bias=False)
                (norm): InstanceNorm3d(256, eps=1e-05, momentum=0.1, affine=True, track_running_stats=False)
                (all_modules): Sequential(
                  (0): Conv3d(128, 256, kernel_size=(1, 1, 1), stride=(1, 1, 1), bias=False)
                  (1): InstanceNorm3d(256, eps=1e-05, momentum=0.1, affine=True, track_running_stats=False)
                )
              )
            )
          )
          (1): BasicBlockD(
            (conv1): ConvDropoutNormReLU(
              (conv): Conv3d(256, 256, kernel_size=(3, 3, 3), stride=(1, 1, 1), padding=(1, 1, 1))
              (norm): InstanceNorm3d(256, eps=1e-05, momentum=0.1, affine=True, track_running_stats=False)
              (nonlin): LeakyReLU(negative_slope=0.01, inplace=True)
              (all_modules): Sequential(
                (0): Conv3d(256, 256, kernel_size=(3, 3, 3), stride=(1, 1, 1), padding=(1, 1, 1))
                (1): InstanceNorm3d(256, eps=1e-05, momentum=0.1, affine=True, track_running_stats=False)
                (2): LeakyReLU(negative_slope=0.01, inplace=True)
              )
            )
            (conv2): ConvDropoutNormReLU(
              (conv): Conv3d(256, 256, kernel_size=(3, 3, 3), stride=(1, 1, 1), padding=(1, 1, 1))
              (norm): InstanceNorm3d(256, eps=1e-05, momentum=0.1, affine=True, track_running_stats=False)
              (all_modules): Sequential(
                (0): Conv3d(256, 256, kernel_size=(3, 3, 3), stride=(1, 1, 1), padding=(1, 1, 1))
                (1): InstanceNorm3d(256, eps=1e-05, momentum=0.1, affine=True, track_running_stats=False)
              )
            )
            (nonlin2): LeakyReLU(negative_slope=0.01, inplace=True)
          )
        )
      )
      (4): StackedResidualBlocks(
        (blocks): Sequential(
          (0): BasicBlockD(
            (conv1): ConvDropoutNormReLU(
              (conv): Conv3d(256, 320, kernel_size=(3, 3, 3), stride=(2, 2, 2), padding=(1, 1, 1))
              (norm): InstanceNorm3d(320, eps=1e-05, momentum=0.1, affine=True, track_running_stats=False)
              (nonlin): LeakyReLU(negative_slope=0.01, inplace=True)
              (all_modules): Sequential(
                (0): Conv3d(256, 320, kernel_size=(3, 3, 3), stride=(2, 2, 2), padding=(1, 1, 1))
                (1): InstanceNorm3d(320, eps=1e-05, momentum=0.1, affine=True, track_running_stats=False)
                (2): LeakyReLU(negative_slope=0.01, inplace=True)
              )
            )
            (conv2): ConvDropoutNormReLU(
              (conv): Conv3d(320, 320, kernel_size=(3, 3, 3), stride=(1, 1, 1), padding=(1, 1, 1))
              (norm): InstanceNorm3d(320, eps=1e-05, momentum=0.1, affine=True, track_running_stats=False)
              (all_modules): Sequential(
                (0): Conv3d(320, 320, kernel_size=(3, 3, 3), stride=(1, 1, 1), padding=(1, 1, 1))
                (1): InstanceNorm3d(320, eps=1e-05, momentum=0.1, affine=True, track_running_stats=False)
              )
            )
            (nonlin2): LeakyReLU(negative_slope=0.01, inplace=True)
            (skip): Sequential(
              (0): AvgPool3d(kernel_size=[2, 2, 2], stride=[2, 2, 2], padding=0)
              (1): ConvDropoutNormReLU(
                (conv): Conv3d(256, 320, kernel_size=(1, 1, 1), stride=(1, 1, 1), bias=False)
                (norm): InstanceNorm3d(320, eps=1e-05, momentum=0.1, affine=True, track_running_stats=False)
                (all_modules): Sequential(
                  (0): Conv3d(256, 320, kernel_size=(1, 1, 1), stride=(1, 1, 1), bias=False)
                  (1): InstanceNorm3d(320, eps=1e-05, momentum=0.1, affine=True, track_running_stats=False)
                )
              )
            )
          )
          (1): BasicBlockD(
            (conv1): ConvDropoutNormReLU(
              (conv): Conv3d(320, 320, kernel_size=(3, 3, 3), stride=(1, 1, 1), padding=(1, 1, 1))
              (norm): InstanceNorm3d(320, eps=1e-05, momentum=0.1, affine=True, track_running_stats=False)
              (nonlin): LeakyReLU(negative_slope=0.01, inplace=True)
              (all_modules): Sequential(
                (0): Conv3d(320, 320, kernel_size=(3, 3, 3), stride=(1, 1, 1), padding=(1, 1, 1))
                (1): InstanceNorm3d(320, eps=1e-05, momentum=0.1, affine=True, track_running_stats=False)
                (2): LeakyReLU(negative_slope=0.01, inplace=True)
              )
            )
            (conv2): ConvDropoutNormReLU(
              (conv): Conv3d(320, 320, kernel_size=(3, 3, 3), stride=(1, 1, 1), padding=(1, 1, 1))
              (norm): InstanceNorm3d(320, eps=1e-05, momentum=0.1, affine=True, track_running_stats=False)
              (all_modules): Sequential(
                (0): Conv3d(320, 320, kernel_size=(3, 3, 3), stride=(1, 1, 1), padding=(1, 1, 1))
                (1): InstanceNorm3d(320, eps=1e-05, momentum=0.1, affine=True, track_running_stats=False)
              )
            )
            (nonlin2): LeakyReLU(negative_slope=0.01, inplace=True)
          )
        )
      )
      (5): StackedResidualBlocks(
        (blocks): Sequential(
          (0): BasicBlockD(
            (conv1): ConvDropoutNormReLU(
              (conv): Conv3d(320, 320, kernel_size=(3, 3, 3), stride=(2, 2, 2), padding=(1, 1, 1))
              (norm): InstanceNorm3d(320, eps=1e-05, momentum=0.1, affine=True, track_running_stats=False)
              (nonlin): LeakyReLU(negative_slope=0.01, inplace=True)
              (all_modules): Sequential(
                (0): Conv3d(320, 320, kernel_size=(3, 3, 3), stride=(2, 2, 2), padding=(1, 1, 1))
                (1): InstanceNorm3d(320, eps=1e-05, momentum=0.1, affine=True, track_running_stats=False)
                (2): LeakyReLU(negative_slope=0.01, inplace=True)
              )
            )
            (conv2): ConvDropoutNormReLU(
              (conv): Conv3d(320, 320, kernel_size=(3, 3, 3), stride=(1, 1, 1), padding=(1, 1, 1))
              (norm): InstanceNorm3d(320, eps=1e-05, momentum=0.1, affine=True, track_running_stats=False)
              (all_modules): Sequential(
                (0): Conv3d(320, 320, kernel_size=(3, 3, 3), stride=(1, 1, 1), padding=(1, 1, 1))
                (1): InstanceNorm3d(320, eps=1e-05, momentum=0.1, affine=True, track_running_stats=False)
              )
            )
            (nonlin2): LeakyReLU(negative_slope=0.01, inplace=True)
            (skip): Sequential(
              (0): AvgPool3d(kernel_size=[2, 2, 2], stride=[2, 2, 2], padding=0)
            )
          )
          (1): BasicBlockD(
            (conv1): ConvDropoutNormReLU(
              (conv): Conv3d(320, 320, kernel_size=(3, 3, 3), stride=(1, 1, 1), padding=(1, 1, 1))
              (norm): InstanceNorm3d(320, eps=1e-05, momentum=0.1, affine=True, track_running_stats=False)
              (nonlin): LeakyReLU(negative_slope=0.01, inplace=True)
              (all_modules): Sequential(
                (0): Conv3d(320, 320, kernel_size=(3, 3, 3), stride=(1, 1, 1), padding=(1, 1, 1))
                (1): InstanceNorm3d(320, eps=1e-05, momentum=0.1, affine=True, track_running_stats=False)
                (2): LeakyReLU(negative_slope=0.01, inplace=True)
              )
            )
            (conv2): ConvDropoutNormReLU(
              (conv): Conv3d(320, 320, kernel_size=(3, 3, 3), stride=(1, 1, 1), padding=(1, 1, 1))
              (norm): InstanceNorm3d(320, eps=1e-05, momentum=0.1, affine=True, track_running_stats=False)
              (all_modules): Sequential(
                (0): Conv3d(320, 320, kernel_size=(3, 3, 3), stride=(1, 1, 1), padding=(1, 1, 1))
                (1): InstanceNorm3d(320, eps=1e-05, momentum=0.1, affine=True, track_running_stats=False)
              )
            )
            (nonlin2): LeakyReLU(negative_slope=0.01, inplace=True)
          )
        )
      )
    )
    (mamba_layers): ModuleList(
      (0): MambaLayer(
        (norm): LayerNorm((32,), eps=1e-05, elementwise_affine=True)
        (mamba): PanMambaTrans(
          (fwd_mamba): MambaTrans(
            (mamba): Mamba(
              (in_proj): Linear(in_features=32, out_features=128, bias=False)
              (conv1d): Conv1d(64, 64, kernel_size=(4,), stride=(1,), padding=(3,), groups=64)
              (act): SiLU()
              (x_proj): Linear(in_features=64, out_features=66, bias=False)
              (dt_proj): Linear(in_features=2, out_features=64, bias=True)
              (out_proj): Linear(in_features=64, out_features=32, bias=False)
            )
            (norm1): LayerNorm((32,), eps=1e-05, elementwise_affine=True)
            (norm2): LayerNorm((32,), eps=1e-05, elementwise_affine=True)
            (head): Linear(in_features=32, out_features=32, bias=True)
          )
          (bwd_mamba): MambaTrans(
            (mamba): Mamba(
              (in_proj): Linear(in_features=32, out_features=128, bias=False)
              (conv1d): Conv1d(64, 64, kernel_size=(4,), stride=(1,), padding=(3,), groups=64)
              (act): SiLU()
              (x_proj): Linear(in_features=64, out_features=66, bias=False)
              (dt_proj): Linear(in_features=2, out_features=64, bias=True)
              (out_proj): Linear(in_features=64, out_features=32, bias=False)
            )
            (norm1): LayerNorm((32,), eps=1e-05, elementwise_affine=True)
            (norm2): LayerNorm((32,), eps=1e-05, elementwise_affine=True)
            (head): Linear(in_features=32, out_features=32, bias=True)
          )
          (norm): LayerNorm((32,), eps=1e-05, elementwise_affine=True)
        )
      )
      (1): MambaLayer(
        (norm): LayerNorm((64,), eps=1e-05, elementwise_affine=True)
        (mamba): PanMambaTrans(
          (fwd_mamba): MambaTrans(
            (mamba): Mamba(
              (in_proj): Linear(in_features=64, out_features=256, bias=False)
              (conv1d): Conv1d(128, 128, kernel_size=(4,), stride=(1,), padding=(3,), groups=128)
              (act): SiLU()
              (x_proj): Linear(in_features=128, out_features=132, bias=False)
              (dt_proj): Linear(in_features=4, out_features=128, bias=True)
              (out_proj): Linear(in_features=128, out_features=64, bias=False)
            )
            (norm1): LayerNorm((64,), eps=1e-05, elementwise_affine=True)
            (norm2): LayerNorm((64,), eps=1e-05, elementwise_affine=True)
            (head): Linear(in_features=64, out_features=64, bias=True)
          )
          (bwd_mamba): MambaTrans(
            (mamba): Mamba(
              (in_proj): Linear(in_features=64, out_features=256, bias=False)
              (conv1d): Conv1d(128, 128, kernel_size=(4,), stride=(1,), padding=(3,), groups=128)
              (act): SiLU()
              (x_proj): Linear(in_features=128, out_features=132, bias=False)
              (dt_proj): Linear(in_features=4, out_features=128, bias=True)
              (out_proj): Linear(in_features=128, out_features=64, bias=False)
            )
            (norm1): LayerNorm((64,), eps=1e-05, elementwise_affine=True)
            (norm2): LayerNorm((64,), eps=1e-05, elementwise_affine=True)
            (head): Linear(in_features=64, out_features=64, bias=True)
          )
          (norm): LayerNorm((64,), eps=1e-05, elementwise_affine=True)
        )
      )
      (2): MambaLayer(
        (norm): LayerNorm((128,), eps=1e-05, elementwise_affine=True)
        (mamba): PanMambaTrans(
          (fwd_mamba): MambaTrans(
            (mamba): Mamba(
              (in_proj): Linear(in_features=128, out_features=512, bias=False)
              (conv1d): Conv1d(256, 256, kernel_size=(4,), stride=(1,), padding=(3,), groups=256)
              (act): SiLU()
              (x_proj): Linear(in_features=256, out_features=264, bias=False)
              (dt_proj): Linear(in_features=8, out_features=256, bias=True)
              (out_proj): Linear(in_features=256, out_features=128, bias=False)
            )
            (norm1): LayerNorm((128,), eps=1e-05, elementwise_affine=True)
            (norm2): LayerNorm((128,), eps=1e-05, elementwise_affine=True)
            (head): Linear(in_features=128, out_features=128, bias=True)
          )
          (bwd_mamba): MambaTrans(
            (mamba): Mamba(
              (in_proj): Linear(in_features=128, out_features=512, bias=False)
              (conv1d): Conv1d(256, 256, kernel_size=(4,), stride=(1,), padding=(3,), groups=256)
              (act): SiLU()
              (x_proj): Linear(in_features=256, out_features=264, bias=False)
              (dt_proj): Linear(in_features=8, out_features=256, bias=True)
              (out_proj): Linear(in_features=256, out_features=128, bias=False)
            )
            (norm1): LayerNorm((128,), eps=1e-05, elementwise_affine=True)
            (norm2): LayerNorm((128,), eps=1e-05, elementwise_affine=True)
            (head): Linear(in_features=128, out_features=128, bias=True)
          )
          (norm): LayerNorm((128,), eps=1e-05, elementwise_affine=True)
        )
      )
      (3): MambaLayer(
        (norm): LayerNorm((256,), eps=1e-05, elementwise_affine=True)
        (mamba): PanMambaTrans(
          (fwd_mamba): MambaTrans(
            (mamba): Mamba(
              (in_proj): Linear(in_features=256, out_features=1024, bias=False)
              (conv1d): Conv1d(512, 512, kernel_size=(4,), stride=(1,), padding=(3,), groups=512)
              (act): SiLU()
              (x_proj): Linear(in_features=512, out_features=528, bias=False)
              (dt_proj): Linear(in_features=16, out_features=512, bias=True)
              (out_proj): Linear(in_features=512, out_features=256, bias=False)
            )
            (norm1): LayerNorm((256,), eps=1e-05, elementwise_affine=True)
            (norm2): LayerNorm((256,), eps=1e-05, elementwise_affine=True)
            (head): Linear(in_features=256, out_features=256, bias=True)
          )
          (bwd_mamba): MambaTrans(
            (mamba): Mamba(
              (in_proj): Linear(in_features=256, out_features=1024, bias=False)
              (conv1d): Conv1d(512, 512, kernel_size=(4,), stride=(1,), padding=(3,), groups=512)
              (act): SiLU()
              (x_proj): Linear(in_features=512, out_features=528, bias=False)
              (dt_proj): Linear(in_features=16, out_features=512, bias=True)
              (out_proj): Linear(in_features=512, out_features=256, bias=False)
            )
            (norm1): LayerNorm((256,), eps=1e-05, elementwise_affine=True)
            (norm2): LayerNorm((256,), eps=1e-05, elementwise_affine=True)
            (head): Linear(in_features=256, out_features=256, bias=True)
          )
          (norm): LayerNorm((256,), eps=1e-05, elementwise_affine=True)
        )
      )
      (4-5): 2 x MambaLayer(
        (norm): LayerNorm((320,), eps=1e-05, elementwise_affine=True)
        (mamba): PanMambaTrans(
          (fwd_mamba): MambaTrans(
            (mamba): Mamba(
              (in_proj): Linear(in_features=320, out_features=1280, bias=False)
              (conv1d): Conv1d(640, 640, kernel_size=(4,), stride=(1,), padding=(3,), groups=640)
              (act): SiLU()
              (x_proj): Linear(in_features=640, out_features=532, bias=False)
              (dt_proj): Linear(in_features=20, out_features=640, bias=True)
              (out_proj): Linear(in_features=640, out_features=320, bias=False)
            )
            (norm1): LayerNorm((320,), eps=1e-05, elementwise_affine=True)
            (norm2): LayerNorm((320,), eps=1e-05, elementwise_affine=True)
            (head): Linear(in_features=320, out_features=320, bias=True)
          )
          (bwd_mamba): MambaTrans(
            (mamba): Mamba(
              (in_proj): Linear(in_features=320, out_features=1280, bias=False)
              (conv1d): Conv1d(640, 640, kernel_size=(4,), stride=(1,), padding=(3,), groups=640)
              (act): SiLU()
              (x_proj): Linear(in_features=640, out_features=532, bias=False)
              (dt_proj): Linear(in_features=20, out_features=640, bias=True)
              (out_proj): Linear(in_features=640, out_features=320, bias=False)
            )
            (norm1): LayerNorm((320,), eps=1e-05, elementwise_affine=True)
            (norm2): LayerNorm((320,), eps=1e-05, elementwise_affine=True)
            (head): Linear(in_features=320, out_features=320, bias=True)
          )
          (norm): LayerNorm((320,), eps=1e-05, elementwise_affine=True)
        )
      )
    )
  )
  (decoder): UNetResDecoder(
    (encoder): ResidualMambaEncoder(
      (stem): StackedConvBlocks(
        (convs): Sequential(
          (0): ConvDropoutNormReLU(
            (conv): Conv3d(4, 32, kernel_size=(3, 3, 3), stride=(1, 1, 1), padding=(1, 1, 1))
            (norm): InstanceNorm3d(32, eps=1e-05, momentum=0.1, affine=True, track_running_stats=False)
            (nonlin): LeakyReLU(negative_slope=0.01, inplace=True)
            (all_modules): Sequential(
              (0): Conv3d(4, 32, kernel_size=(3, 3, 3), stride=(1, 1, 1), padding=(1, 1, 1))
              (1): InstanceNorm3d(32, eps=1e-05, momentum=0.1, affine=True, track_running_stats=False)
              (2): LeakyReLU(negative_slope=0.01, inplace=True)
            )
          )
        )
      )
      (stages): ModuleList(
        (0): StackedResidualBlocks(
          (blocks): Sequential(
            (0): BasicBlockD(
              (conv1): ConvDropoutNormReLU(
                (conv): Conv3d(32, 32, kernel_size=(3, 3, 3), stride=(1, 1, 1), padding=(1, 1, 1))
                (norm): InstanceNorm3d(32, eps=1e-05, momentum=0.1, affine=True, track_running_stats=False)
                (nonlin): LeakyReLU(negative_slope=0.01, inplace=True)
                (all_modules): Sequential(
                  (0): Conv3d(32, 32, kernel_size=(3, 3, 3), stride=(1, 1, 1), padding=(1, 1, 1))
                  (1): InstanceNorm3d(32, eps=1e-05, momentum=0.1, affine=True, track_running_stats=False)
                  (2): LeakyReLU(negative_slope=0.01, inplace=True)
                )
              )
              (conv2): ConvDropoutNormReLU(
                (conv): Conv3d(32, 32, kernel_size=(3, 3, 3), stride=(1, 1, 1), padding=(1, 1, 1))
                (norm): InstanceNorm3d(32, eps=1e-05, momentum=0.1, affine=True, track_running_stats=False)
                (all_modules): Sequential(
                  (0): Conv3d(32, 32, kernel_size=(3, 3, 3), stride=(1, 1, 1), padding=(1, 1, 1))
                  (1): InstanceNorm3d(32, eps=1e-05, momentum=0.1, affine=True, track_running_stats=False)
                )
              )
              (nonlin2): LeakyReLU(negative_slope=0.01, inplace=True)
            )
            (1): BasicBlockD(
              (conv1): ConvDropoutNormReLU(
                (conv): Conv3d(32, 32, kernel_size=(3, 3, 3), stride=(1, 1, 1), padding=(1, 1, 1))
                (norm): InstanceNorm3d(32, eps=1e-05, momentum=0.1, affine=True, track_running_stats=False)
                (nonlin): LeakyReLU(negative_slope=0.01, inplace=True)
                (all_modules): Sequential(
                  (0): Conv3d(32, 32, kernel_size=(3, 3, 3), stride=(1, 1, 1), padding=(1, 1, 1))
                  (1): InstanceNorm3d(32, eps=1e-05, momentum=0.1, affine=True, track_running_stats=False)
                  (2): LeakyReLU(negative_slope=0.01, inplace=True)
                )
              )
              (conv2): ConvDropoutNormReLU(
                (conv): Conv3d(32, 32, kernel_size=(3, 3, 3), stride=(1, 1, 1), padding=(1, 1, 1))
                (norm): InstanceNorm3d(32, eps=1e-05, momentum=0.1, affine=True, track_running_stats=False)
                (all_modules): Sequential(
                  (0): Conv3d(32, 32, kernel_size=(3, 3, 3), stride=(1, 1, 1), padding=(1, 1, 1))
                  (1): InstanceNorm3d(32, eps=1e-05, momentum=0.1, affine=True, track_running_stats=False)
                )
              )
              (nonlin2): LeakyReLU(negative_slope=0.01, inplace=True)
            )
          )
        )
        (1): StackedResidualBlocks(
          (blocks): Sequential(
            (0): BasicBlockD(
              (conv1): ConvDropoutNormReLU(
                (conv): Conv3d(32, 64, kernel_size=(3, 3, 3), stride=(2, 2, 2), padding=(1, 1, 1))
                (norm): InstanceNorm3d(64, eps=1e-05, momentum=0.1, affine=True, track_running_stats=False)
                (nonlin): LeakyReLU(negative_slope=0.01, inplace=True)
                (all_modules): Sequential(
                  (0): Conv3d(32, 64, kernel_size=(3, 3, 3), stride=(2, 2, 2), padding=(1, 1, 1))
                  (1): InstanceNorm3d(64, eps=1e-05, momentum=0.1, affine=True, track_running_stats=False)
                  (2): LeakyReLU(negative_slope=0.01, inplace=True)
                )
              )
              (conv2): ConvDropoutNormReLU(
                (conv): Conv3d(64, 64, kernel_size=(3, 3, 3), stride=(1, 1, 1), padding=(1, 1, 1))
                (norm): InstanceNorm3d(64, eps=1e-05, momentum=0.1, affine=True, track_running_stats=False)
                (all_modules): Sequential(
                  (0): Conv3d(64, 64, kernel_size=(3, 3, 3), stride=(1, 1, 1), padding=(1, 1, 1))
                  (1): InstanceNorm3d(64, eps=1e-05, momentum=0.1, affine=True, track_running_stats=False)
                )
              )
              (nonlin2): LeakyReLU(negative_slope=0.01, inplace=True)
              (skip): Sequential(
                (0): AvgPool3d(kernel_size=[2, 2, 2], stride=[2, 2, 2], padding=0)
                (1): ConvDropoutNormReLU(
                  (conv): Conv3d(32, 64, kernel_size=(1, 1, 1), stride=(1, 1, 1), bias=False)
                  (norm): InstanceNorm3d(64, eps=1e-05, momentum=0.1, affine=True, track_running_stats=False)
                  (all_modules): Sequential(
                    (0): Conv3d(32, 64, kernel_size=(1, 1, 1), stride=(1, 1, 1), bias=False)
                    (1): InstanceNorm3d(64, eps=1e-05, momentum=0.1, affine=True, track_running_stats=False)
                  )
                )
              )
            )
            (1): BasicBlockD(
              (conv1): ConvDropoutNormReLU(
                (conv): Conv3d(64, 64, kernel_size=(3, 3, 3), stride=(1, 1, 1), padding=(1, 1, 1))
                (norm): InstanceNorm3d(64, eps=1e-05, momentum=0.1, affine=True, track_running_stats=False)
                (nonlin): LeakyReLU(negative_slope=0.01, inplace=True)
                (all_modules): Sequential(
                  (0): Conv3d(64, 64, kernel_size=(3, 3, 3), stride=(1, 1, 1), padding=(1, 1, 1))
                  (1): InstanceNorm3d(64, eps=1e-05, momentum=0.1, affine=True, track_running_stats=False)
                  (2): LeakyReLU(negative_slope=0.01, inplace=True)
                )
              )
              (conv2): ConvDropoutNormReLU(
                (conv): Conv3d(64, 64, kernel_size=(3, 3, 3), stride=(1, 1, 1), padding=(1, 1, 1))
                (norm): InstanceNorm3d(64, eps=1e-05, momentum=0.1, affine=True, track_running_stats=False)
                (all_modules): Sequential(
                  (0): Conv3d(64, 64, kernel_size=(3, 3, 3), stride=(1, 1, 1), padding=(1, 1, 1))
                  (1): InstanceNorm3d(64, eps=1e-05, momentum=0.1, affine=True, track_running_stats=False)
                )
              )
              (nonlin2): LeakyReLU(negative_slope=0.01, inplace=True)
            )
          )
        )
        (2): StackedResidualBlocks(
          (blocks): Sequential(
            (0): BasicBlockD(
              (conv1): ConvDropoutNormReLU(
                (conv): Conv3d(64, 128, kernel_size=(3, 3, 3), stride=(2, 2, 2), padding=(1, 1, 1))
                (norm): InstanceNorm3d(128, eps=1e-05, momentum=0.1, affine=True, track_running_stats=False)
                (nonlin): LeakyReLU(negative_slope=0.01, inplace=True)
                (all_modules): Sequential(
                  (0): Conv3d(64, 128, kernel_size=(3, 3, 3), stride=(2, 2, 2), padding=(1, 1, 1))
                  (1): InstanceNorm3d(128, eps=1e-05, momentum=0.1, affine=True, track_running_stats=False)
                  (2): LeakyReLU(negative_slope=0.01, inplace=True)
                )
              )
              (conv2): ConvDropoutNormReLU(
                (conv): Conv3d(128, 128, kernel_size=(3, 3, 3), stride=(1, 1, 1), padding=(1, 1, 1))
                (norm): InstanceNorm3d(128, eps=1e-05, momentum=0.1, affine=True, track_running_stats=False)
                (all_modules): Sequential(
                  (0): Conv3d(128, 128, kernel_size=(3, 3, 3), stride=(1, 1, 1), padding=(1, 1, 1))
                  (1): InstanceNorm3d(128, eps=1e-05, momentum=0.1, affine=True, track_running_stats=False)
                )
              )
              (nonlin2): LeakyReLU(negative_slope=0.01, inplace=True)
              (skip): Sequential(
                (0): AvgPool3d(kernel_size=[2, 2, 2], stride=[2, 2, 2], padding=0)
                (1): ConvDropoutNormReLU(
                  (conv): Conv3d(64, 128, kernel_size=(1, 1, 1), stride=(1, 1, 1), bias=False)
                  (norm): InstanceNorm3d(128, eps=1e-05, momentum=0.1, affine=True, track_running_stats=False)
                  (all_modules): Sequential(
                    (0): Conv3d(64, 128, kernel_size=(1, 1, 1), stride=(1, 1, 1), bias=False)
                    (1): InstanceNorm3d(128, eps=1e-05, momentum=0.1, affine=True, track_running_stats=False)
                  )
                )
              )
            )
            (1): BasicBlockD(
              (conv1): ConvDropoutNormReLU(
                (conv): Conv3d(128, 128, kernel_size=(3, 3, 3), stride=(1, 1, 1), padding=(1, 1, 1))
                (norm): InstanceNorm3d(128, eps=1e-05, momentum=0.1, affine=True, track_running_stats=False)
                (nonlin): LeakyReLU(negative_slope=0.01, inplace=True)
                (all_modules): Sequential(
                  (0): Conv3d(128, 128, kernel_size=(3, 3, 3), stride=(1, 1, 1), padding=(1, 1, 1))
                  (1): InstanceNorm3d(128, eps=1e-05, momentum=0.1, affine=True, track_running_stats=False)
                  (2): LeakyReLU(negative_slope=0.01, inplace=True)
                )
              )
              (conv2): ConvDropoutNormReLU(
                (conv): Conv3d(128, 128, kernel_size=(3, 3, 3), stride=(1, 1, 1), padding=(1, 1, 1))
                (norm): InstanceNorm3d(128, eps=1e-05, momentum=0.1, affine=True, track_running_stats=False)
                (all_modules): Sequential(
                  (0): Conv3d(128, 128, kernel_size=(3, 3, 3), stride=(1, 1, 1), padding=(1, 1, 1))
                  (1): InstanceNorm3d(128, eps=1e-05, momentum=0.1, affine=True, track_running_stats=False)
                )
              )
              (nonlin2): LeakyReLU(negative_slope=0.01, inplace=True)
            )
          )
        )
        (3): StackedResidualBlocks(
          (blocks): Sequential(
            (0): BasicBlockD(
              (conv1): ConvDropoutNormReLU(
                (conv): Conv3d(128, 256, kernel_size=(3, 3, 3), stride=(2, 2, 2), padding=(1, 1, 1))
                (norm): InstanceNorm3d(256, eps=1e-05, momentum=0.1, affine=True, track_running_stats=False)
                (nonlin): LeakyReLU(negative_slope=0.01, inplace=True)
                (all_modules): Sequential(
                  (0): Conv3d(128, 256, kernel_size=(3, 3, 3), stride=(2, 2, 2), padding=(1, 1, 1))
                  (1): InstanceNorm3d(256, eps=1e-05, momentum=0.1, affine=True, track_running_stats=False)
                  (2): LeakyReLU(negative_slope=0.01, inplace=True)
                )
              )
              (conv2): ConvDropoutNormReLU(
                (conv): Conv3d(256, 256, kernel_size=(3, 3, 3), stride=(1, 1, 1), padding=(1, 1, 1))
                (norm): InstanceNorm3d(256, eps=1e-05, momentum=0.1, affine=True, track_running_stats=False)
                (all_modules): Sequential(
                  (0): Conv3d(256, 256, kernel_size=(3, 3, 3), stride=(1, 1, 1), padding=(1, 1, 1))
                  (1): InstanceNorm3d(256, eps=1e-05, momentum=0.1, affine=True, track_running_stats=False)
                )
              )
              (nonlin2): LeakyReLU(negative_slope=0.01, inplace=True)
              (skip): Sequential(
                (0): AvgPool3d(kernel_size=[2, 2, 2], stride=[2, 2, 2], padding=0)
                (1): ConvDropoutNormReLU(
                  (conv): Conv3d(128, 256, kernel_size=(1, 1, 1), stride=(1, 1, 1), bias=False)
                  (norm): InstanceNorm3d(256, eps=1e-05, momentum=0.1, affine=True, track_running_stats=False)
                  (all_modules): Sequential(
                    (0): Conv3d(128, 256, kernel_size=(1, 1, 1), stride=(1, 1, 1), bias=False)
                    (1): InstanceNorm3d(256, eps=1e-05, momentum=0.1, affine=True, track_running_stats=False)
                  )
                )
              )
            )
            (1): BasicBlockD(
              (conv1): ConvDropoutNormReLU(
                (conv): Conv3d(256, 256, kernel_size=(3, 3, 3), stride=(1, 1, 1), padding=(1, 1, 1))
                (norm): InstanceNorm3d(256, eps=1e-05, momentum=0.1, affine=True, track_running_stats=False)
                (nonlin): LeakyReLU(negative_slope=0.01, inplace=True)
                (all_modules): Sequential(
                  (0): Conv3d(256, 256, kernel_size=(3, 3, 3), stride=(1, 1, 1), padding=(1, 1, 1))
                  (1): InstanceNorm3d(256, eps=1e-05, momentum=0.1, affine=True, track_running_stats=False)
                  (2): LeakyReLU(negative_slope=0.01, inplace=True)
                )
              )
              (conv2): ConvDropoutNormReLU(
                (conv): Conv3d(256, 256, kernel_size=(3, 3, 3), stride=(1, 1, 1), padding=(1, 1, 1))
                (norm): InstanceNorm3d(256, eps=1e-05, momentum=0.1, affine=True, track_running_stats=False)
                (all_modules): Sequential(
                  (0): Conv3d(256, 256, kernel_size=(3, 3, 3), stride=(1, 1, 1), padding=(1, 1, 1))
                  (1): InstanceNorm3d(256, eps=1e-05, momentum=0.1, affine=True, track_running_stats=False)
                )
              )
              (nonlin2): LeakyReLU(negative_slope=0.01, inplace=True)
            )
          )
        )
        (4): StackedResidualBlocks(
          (blocks): Sequential(
            (0): BasicBlockD(
              (conv1): ConvDropoutNormReLU(
                (conv): Conv3d(256, 320, kernel_size=(3, 3, 3), stride=(2, 2, 2), padding=(1, 1, 1))
                (norm): InstanceNorm3d(320, eps=1e-05, momentum=0.1, affine=True, track_running_stats=False)
                (nonlin): LeakyReLU(negative_slope=0.01, inplace=True)
                (all_modules): Sequential(
                  (0): Conv3d(256, 320, kernel_size=(3, 3, 3), stride=(2, 2, 2), padding=(1, 1, 1))
                  (1): InstanceNorm3d(320, eps=1e-05, momentum=0.1, affine=True, track_running_stats=False)
                  (2): LeakyReLU(negative_slope=0.01, inplace=True)
                )
              )
              (conv2): ConvDropoutNormReLU(
                (conv): Conv3d(320, 320, kernel_size=(3, 3, 3), stride=(1, 1, 1), padding=(1, 1, 1))
                (norm): InstanceNorm3d(320, eps=1e-05, momentum=0.1, affine=True, track_running_stats=False)
                (all_modules): Sequential(
                  (0): Conv3d(320, 320, kernel_size=(3, 3, 3), stride=(1, 1, 1), padding=(1, 1, 1))
                  (1): InstanceNorm3d(320, eps=1e-05, momentum=0.1, affine=True, track_running_stats=False)
                )
              )
              (nonlin2): LeakyReLU(negative_slope=0.01, inplace=True)
              (skip): Sequential(
                (0): AvgPool3d(kernel_size=[2, 2, 2], stride=[2, 2, 2], padding=0)
                (1): ConvDropoutNormReLU(
                  (conv): Conv3d(256, 320, kernel_size=(1, 1, 1), stride=(1, 1, 1), bias=False)
                  (norm): InstanceNorm3d(320, eps=1e-05, momentum=0.1, affine=True, track_running_stats=False)
                  (all_modules): Sequential(
                    (0): Conv3d(256, 320, kernel_size=(1, 1, 1), stride=(1, 1, 1), bias=False)
                    (1): InstanceNorm3d(320, eps=1e-05, momentum=0.1, affine=True, track_running_stats=False)
                  )
                )
              )
            )
            (1): BasicBlockD(
              (conv1): ConvDropoutNormReLU(
                (conv): Conv3d(320, 320, kernel_size=(3, 3, 3), stride=(1, 1, 1), padding=(1, 1, 1))
                (norm): InstanceNorm3d(320, eps=1e-05, momentum=0.1, affine=True, track_running_stats=False)
                (nonlin): LeakyReLU(negative_slope=0.01, inplace=True)
                (all_modules): Sequential(
                  (0): Conv3d(320, 320, kernel_size=(3, 3, 3), stride=(1, 1, 1), padding=(1, 1, 1))
                  (1): InstanceNorm3d(320, eps=1e-05, momentum=0.1, affine=True, track_running_stats=False)
                  (2): LeakyReLU(negative_slope=0.01, inplace=True)
                )
              )
              (conv2): ConvDropoutNormReLU(
                (conv): Conv3d(320, 320, kernel_size=(3, 3, 3), stride=(1, 1, 1), padding=(1, 1, 1))
                (norm): InstanceNorm3d(320, eps=1e-05, momentum=0.1, affine=True, track_running_stats=False)
                (all_modules): Sequential(
                  (0): Conv3d(320, 320, kernel_size=(3, 3, 3), stride=(1, 1, 1), padding=(1, 1, 1))
                  (1): InstanceNorm3d(320, eps=1e-05, momentum=0.1, affine=True, track_running_stats=False)
                )
              )
              (nonlin2): LeakyReLU(negative_slope=0.01, inplace=True)
            )
          )
        )
        (5): StackedResidualBlocks(
          (blocks): Sequential(
            (0): BasicBlockD(
              (conv1): ConvDropoutNormReLU(
                (conv): Conv3d(320, 320, kernel_size=(3, 3, 3), stride=(2, 2, 2), padding=(1, 1, 1))
                (norm): InstanceNorm3d(320, eps=1e-05, momentum=0.1, affine=True, track_running_stats=False)
                (nonlin): LeakyReLU(negative_slope=0.01, inplace=True)
                (all_modules): Sequential(
                  (0): Conv3d(320, 320, kernel_size=(3, 3, 3), stride=(2, 2, 2), padding=(1, 1, 1))
                  (1): InstanceNorm3d(320, eps=1e-05, momentum=0.1, affine=True, track_running_stats=False)
                  (2): LeakyReLU(negative_slope=0.01, inplace=True)
                )
              )
              (conv2): ConvDropoutNormReLU(
                (conv): Conv3d(320, 320, kernel_size=(3, 3, 3), stride=(1, 1, 1), padding=(1, 1, 1))
                (norm): InstanceNorm3d(320, eps=1e-05, momentum=0.1, affine=True, track_running_stats=False)
                (all_modules): Sequential(
                  (0): Conv3d(320, 320, kernel_size=(3, 3, 3), stride=(1, 1, 1), padding=(1, 1, 1))
                  (1): InstanceNorm3d(320, eps=1e-05, momentum=0.1, affine=True, track_running_stats=False)
                )
              )
              (nonlin2): LeakyReLU(negative_slope=0.01, inplace=True)
              (skip): Sequential(
                (0): AvgPool3d(kernel_size=[2, 2, 2], stride=[2, 2, 2], padding=0)
              )
            )
            (1): BasicBlockD(
              (conv1): ConvDropoutNormReLU(
                (conv): Conv3d(320, 320, kernel_size=(3, 3, 3), stride=(1, 1, 1), padding=(1, 1, 1))
                (norm): InstanceNorm3d(320, eps=1e-05, momentum=0.1, affine=True, track_running_stats=False)
                (nonlin): LeakyReLU(negative_slope=0.01, inplace=True)
                (all_modules): Sequential(
                  (0): Conv3d(320, 320, kernel_size=(3, 3, 3), stride=(1, 1, 1), padding=(1, 1, 1))
                  (1): InstanceNorm3d(320, eps=1e-05, momentum=0.1, affine=True, track_running_stats=False)
                  (2): LeakyReLU(negative_slope=0.01, inplace=True)
                )
              )
              (conv2): ConvDropoutNormReLU(
                (conv): Conv3d(320, 320, kernel_size=(3, 3, 3), stride=(1, 1, 1), padding=(1, 1, 1))
                (norm): InstanceNorm3d(320, eps=1e-05, momentum=0.1, affine=True, track_running_stats=False)
                (all_modules): Sequential(
                  (0): Conv3d(320, 320, kernel_size=(3, 3, 3), stride=(1, 1, 1), padding=(1, 1, 1))
                  (1): InstanceNorm3d(320, eps=1e-05, momentum=0.1, affine=True, track_running_stats=False)
                )
              )
              (nonlin2): LeakyReLU(negative_slope=0.01, inplace=True)
            )
          )
        )
      )
      (mamba_layers): ModuleList(
        (0): MambaLayer(
          (norm): LayerNorm((32,), eps=1e-05, elementwise_affine=True)
          (mamba): PanMambaTrans(
            (fwd_mamba): MambaTrans(
              (mamba): Mamba(
                (in_proj): Linear(in_features=32, out_features=128, bias=False)
                (conv1d): Conv1d(64, 64, kernel_size=(4,), stride=(1,), padding=(3,), groups=64)
                (act): SiLU()
                (x_proj): Linear(in_features=64, out_features=66, bias=False)
                (dt_proj): Linear(in_features=2, out_features=64, bias=True)
                (out_proj): Linear(in_features=64, out_features=32, bias=False)
              )
              (norm1): LayerNorm((32,), eps=1e-05, elementwise_affine=True)
              (norm2): LayerNorm((32,), eps=1e-05, elementwise_affine=True)
              (head): Linear(in_features=32, out_features=32, bias=True)
            )
            (bwd_mamba): MambaTrans(
              (mamba): Mamba(
                (in_proj): Linear(in_features=32, out_features=128, bias=False)
                (conv1d): Conv1d(64, 64, kernel_size=(4,), stride=(1,), padding=(3,), groups=64)
                (act): SiLU()
                (x_proj): Linear(in_features=64, out_features=66, bias=False)
                (dt_proj): Linear(in_features=2, out_features=64, bias=True)
                (out_proj): Linear(in_features=64, out_features=32, bias=False)
              )
              (norm1): LayerNorm((32,), eps=1e-05, elementwise_affine=True)
              (norm2): LayerNorm((32,), eps=1e-05, elementwise_affine=True)
              (head): Linear(in_features=32, out_features=32, bias=True)
            )
            (norm): LayerNorm((32,), eps=1e-05, elementwise_affine=True)
          )
        )
        (1): MambaLayer(
          (norm): LayerNorm((64,), eps=1e-05, elementwise_affine=True)
          (mamba): PanMambaTrans(
            (fwd_mamba): MambaTrans(
              (mamba): Mamba(
                (in_proj): Linear(in_features=64, out_features=256, bias=False)
                (conv1d): Conv1d(128, 128, kernel_size=(4,), stride=(1,), padding=(3,), groups=128)
                (act): SiLU()
                (x_proj): Linear(in_features=128, out_features=132, bias=False)
                (dt_proj): Linear(in_features=4, out_features=128, bias=True)
                (out_proj): Linear(in_features=128, out_features=64, bias=False)
              )
              (norm1): LayerNorm((64,), eps=1e-05, elementwise_affine=True)
              (norm2): LayerNorm((64,), eps=1e-05, elementwise_affine=True)
              (head): Linear(in_features=64, out_features=64, bias=True)
            )
            (bwd_mamba): MambaTrans(
              (mamba): Mamba(
                (in_proj): Linear(in_features=64, out_features=256, bias=False)
                (conv1d): Conv1d(128, 128, kernel_size=(4,), stride=(1,), padding=(3,), groups=128)
                (act): SiLU()
                (x_proj): Linear(in_features=128, out_features=132, bias=False)
                (dt_proj): Linear(in_features=4, out_features=128, bias=True)
                (out_proj): Linear(in_features=128, out_features=64, bias=False)
              )
              (norm1): LayerNorm((64,), eps=1e-05, elementwise_affine=True)
              (norm2): LayerNorm((64,), eps=1e-05, elementwise_affine=True)
              (head): Linear(in_features=64, out_features=64, bias=True)
            )
            (norm): LayerNorm((64,), eps=1e-05, elementwise_affine=True)
          )
        )
        (2): MambaLayer(
          (norm): LayerNorm((128,), eps=1e-05, elementwise_affine=True)
          (mamba): PanMambaTrans(
            (fwd_mamba): MambaTrans(
              (mamba): Mamba(
                (in_proj): Linear(in_features=128, out_features=512, bias=False)
                (conv1d): Conv1d(256, 256, kernel_size=(4,), stride=(1,), padding=(3,), groups=256)
                (act): SiLU()
                (x_proj): Linear(in_features=256, out_features=264, bias=False)
                (dt_proj): Linear(in_features=8, out_features=256, bias=True)
                (out_proj): Linear(in_features=256, out_features=128, bias=False)
              )
              (norm1): LayerNorm((128,), eps=1e-05, elementwise_affine=True)
              (norm2): LayerNorm((128,), eps=1e-05, elementwise_affine=True)
              (head): Linear(in_features=128, out_features=128, bias=True)
            )
            (bwd_mamba): MambaTrans(
              (mamba): Mamba(
                (in_proj): Linear(in_features=128, out_features=512, bias=False)
                (conv1d): Conv1d(256, 256, kernel_size=(4,), stride=(1,), padding=(3,), groups=256)
                (act): SiLU()
                (x_proj): Linear(in_features=256, out_features=264, bias=False)
                (dt_proj): Linear(in_features=8, out_features=256, bias=True)
                (out_proj): Linear(in_features=256, out_features=128, bias=False)
              )
              (norm1): LayerNorm((128,), eps=1e-05, elementwise_affine=True)
              (norm2): LayerNorm((128,), eps=1e-05, elementwise_affine=True)
              (head): Linear(in_features=128, out_features=128, bias=True)
            )
            (norm): LayerNorm((128,), eps=1e-05, elementwise_affine=True)
          )
        )
        (3): MambaLayer(
          (norm): LayerNorm((256,), eps=1e-05, elementwise_affine=True)
          (mamba): PanMambaTrans(
            (fwd_mamba): MambaTrans(
              (mamba): Mamba(
                (in_proj): Linear(in_features=256, out_features=1024, bias=False)
                (conv1d): Conv1d(512, 512, kernel_size=(4,), stride=(1,), padding=(3,), groups=512)
                (act): SiLU()
                (x_proj): Linear(in_features=512, out_features=528, bias=False)
                (dt_proj): Linear(in_features=16, out_features=512, bias=True)
                (out_proj): Linear(in_features=512, out_features=256, bias=False)
              )
              (norm1): LayerNorm((256,), eps=1e-05, elementwise_affine=True)
              (norm2): LayerNorm((256,), eps=1e-05, elementwise_affine=True)
              (head): Linear(in_features=256, out_features=256, bias=True)
            )
            (bwd_mamba): MambaTrans(
              (mamba): Mamba(
                (in_proj): Linear(in_features=256, out_features=1024, bias=False)
                (conv1d): Conv1d(512, 512, kernel_size=(4,), stride=(1,), padding=(3,), groups=512)
                (act): SiLU()
                (x_proj): Linear(in_features=512, out_features=528, bias=False)
                (dt_proj): Linear(in_features=16, out_features=512, bias=True)
                (out_proj): Linear(in_features=512, out_features=256, bias=False)
              )
              (norm1): LayerNorm((256,), eps=1e-05, elementwise_affine=True)
              (norm2): LayerNorm((256,), eps=1e-05, elementwise_affine=True)
              (head): Linear(in_features=256, out_features=256, bias=True)
            )
            (norm): LayerNorm((256,), eps=1e-05, elementwise_affine=True)
          )
        )
        (4-5): 2 x MambaLayer(
          (norm): LayerNorm((320,), eps=1e-05, elementwise_affine=True)
          (mamba): PanMambaTrans(
            (fwd_mamba): MambaTrans(
              (mamba): Mamba(
                (in_proj): Linear(in_features=320, out_features=1280, bias=False)
                (conv1d): Conv1d(640, 640, kernel_size=(4,), stride=(1,), padding=(3,), groups=640)
                (act): SiLU()
                (x_proj): Linear(in_features=640, out_features=532, bias=False)
                (dt_proj): Linear(in_features=20, out_features=640, bias=True)
                (out_proj): Linear(in_features=640, out_features=320, bias=False)
              )
              (norm1): LayerNorm((320,), eps=1e-05, elementwise_affine=True)
              (norm2): LayerNorm((320,), eps=1e-05, elementwise_affine=True)
              (head): Linear(in_features=320, out_features=320, bias=True)
            )
            (bwd_mamba): MambaTrans(
              (mamba): Mamba(
                (in_proj): Linear(in_features=320, out_features=1280, bias=False)
                (conv1d): Conv1d(640, 640, kernel_size=(4,), stride=(1,), padding=(3,), groups=640)
                (act): SiLU()
                (x_proj): Linear(in_features=640, out_features=532, bias=False)
                (dt_proj): Linear(in_features=20, out_features=640, bias=True)
                (out_proj): Linear(in_features=640, out_features=320, bias=False)
              )
              (norm1): LayerNorm((320,), eps=1e-05, elementwise_affine=True)
              (norm2): LayerNorm((320,), eps=1e-05, elementwise_affine=True)
              (head): Linear(in_features=320, out_features=320, bias=True)
            )
            (norm): LayerNorm((320,), eps=1e-05, elementwise_affine=True)
          )
        )
      )
    )
    (stages): ModuleList(
      (0): StackedResidualBlocks(
        (blocks): Sequential(
          (0): BasicBlockD(
            (conv1): ConvDropoutNormReLU(
              (conv): Conv3d(640, 320, kernel_size=(3, 3, 3), stride=(1, 1, 1), padding=(1, 1, 1))
              (norm): InstanceNorm3d(320, eps=1e-05, momentum=0.1, affine=True, track_running_stats=False)
              (nonlin): LeakyReLU(negative_slope=0.01, inplace=True)
              (all_modules): Sequential(
                (0): Conv3d(640, 320, kernel_size=(3, 3, 3), stride=(1, 1, 1), padding=(1, 1, 1))
                (1): InstanceNorm3d(320, eps=1e-05, momentum=0.1, affine=True, track_running_stats=False)
                (2): LeakyReLU(negative_slope=0.01, inplace=True)
              )
            )
            (conv2): ConvDropoutNormReLU(
              (conv): Conv3d(320, 320, kernel_size=(3, 3, 3), stride=(1, 1, 1), padding=(1, 1, 1))
              (norm): InstanceNorm3d(320, eps=1e-05, momentum=0.1, affine=True, track_running_stats=False)
              (all_modules): Sequential(
                (0): Conv3d(320, 320, kernel_size=(3, 3, 3), stride=(1, 1, 1), padding=(1, 1, 1))
                (1): InstanceNorm3d(320, eps=1e-05, momentum=0.1, affine=True, track_running_stats=False)
              )
            )
            (nonlin2): LeakyReLU(negative_slope=0.01, inplace=True)
            (skip): Sequential(
              (0): ConvDropoutNormReLU(
                (conv): Conv3d(640, 320, kernel_size=(1, 1, 1), stride=(1, 1, 1), bias=False)
                (norm): InstanceNorm3d(320, eps=1e-05, momentum=0.1, affine=True, track_running_stats=False)
                (all_modules): Sequential(
                  (0): Conv3d(640, 320, kernel_size=(1, 1, 1), stride=(1, 1, 1), bias=False)
                  (1): InstanceNorm3d(320, eps=1e-05, momentum=0.1, affine=True, track_running_stats=False)
                )
              )
            )
          )
          (1): BasicBlockD(
            (conv1): ConvDropoutNormReLU(
              (conv): Conv3d(320, 320, kernel_size=(3, 3, 3), stride=(1, 1, 1), padding=(1, 1, 1))
              (norm): InstanceNorm3d(320, eps=1e-05, momentum=0.1, affine=True, track_running_stats=False)
              (nonlin): LeakyReLU(negative_slope=0.01, inplace=True)
              (all_modules): Sequential(
                (0): Conv3d(320, 320, kernel_size=(3, 3, 3), stride=(1, 1, 1), padding=(1, 1, 1))
                (1): InstanceNorm3d(320, eps=1e-05, momentum=0.1, affine=True, track_running_stats=False)
                (2): LeakyReLU(negative_slope=0.01, inplace=True)
              )
            )
            (conv2): ConvDropoutNormReLU(
              (conv): Conv3d(320, 320, kernel_size=(3, 3, 3), stride=(1, 1, 1), padding=(1, 1, 1))
              (norm): InstanceNorm3d(320, eps=1e-05, momentum=0.1, affine=True, track_running_stats=False)
              (all_modules): Sequential(
                (0): Conv3d(320, 320, kernel_size=(3, 3, 3), stride=(1, 1, 1), padding=(1, 1, 1))
                (1): InstanceNorm3d(320, eps=1e-05, momentum=0.1, affine=True, track_running_stats=False)
              )
            )
            (nonlin2): LeakyReLU(negative_slope=0.01, inplace=True)
          )
        )
      )
      (1): StackedResidualBlocks(
        (blocks): Sequential(
          (0): BasicBlockD(
            (conv1): ConvDropoutNormReLU(
              (conv): Conv3d(512, 256, kernel_size=(3, 3, 3), stride=(1, 1, 1), padding=(1, 1, 1))
              (norm): InstanceNorm3d(256, eps=1e-05, momentum=0.1, affine=True, track_running_stats=False)
              (nonlin): LeakyReLU(negative_slope=0.01, inplace=True)
              (all_modules): Sequential(
                (0): Conv3d(512, 256, kernel_size=(3, 3, 3), stride=(1, 1, 1), padding=(1, 1, 1))
                (1): InstanceNorm3d(256, eps=1e-05, momentum=0.1, affine=True, track_running_stats=False)
                (2): LeakyReLU(negative_slope=0.01, inplace=True)
              )
            )
            (conv2): ConvDropoutNormReLU(
              (conv): Conv3d(256, 256, kernel_size=(3, 3, 3), stride=(1, 1, 1), padding=(1, 1, 1))
              (norm): InstanceNorm3d(256, eps=1e-05, momentum=0.1, affine=True, track_running_stats=False)
              (all_modules): Sequential(
                (0): Conv3d(256, 256, kernel_size=(3, 3, 3), stride=(1, 1, 1), padding=(1, 1, 1))
                (1): InstanceNorm3d(256, eps=1e-05, momentum=0.1, affine=True, track_running_stats=False)
              )
            )
            (nonlin2): LeakyReLU(negative_slope=0.01, inplace=True)
            (skip): Sequential(
              (0): ConvDropoutNormReLU(
                (conv): Conv3d(512, 256, kernel_size=(1, 1, 1), stride=(1, 1, 1), bias=False)
                (norm): InstanceNorm3d(256, eps=1e-05, momentum=0.1, affine=True, track_running_stats=False)
                (all_modules): Sequential(
                  (0): Conv3d(512, 256, kernel_size=(1, 1, 1), stride=(1, 1, 1), bias=False)
                  (1): InstanceNorm3d(256, eps=1e-05, momentum=0.1, affine=True, track_running_stats=False)
                )
              )
            )
          )
          (1): BasicBlockD(
            (conv1): ConvDropoutNormReLU(
              (conv): Conv3d(256, 256, kernel_size=(3, 3, 3), stride=(1, 1, 1), padding=(1, 1, 1))
              (norm): InstanceNorm3d(256, eps=1e-05, momentum=0.1, affine=True, track_running_stats=False)
              (nonlin): LeakyReLU(negative_slope=0.01, inplace=True)
              (all_modules): Sequential(
                (0): Conv3d(256, 256, kernel_size=(3, 3, 3), stride=(1, 1, 1), padding=(1, 1, 1))
                (1): InstanceNorm3d(256, eps=1e-05, momentum=0.1, affine=True, track_running_stats=False)
                (2): LeakyReLU(negative_slope=0.01, inplace=True)
              )
            )
            (conv2): ConvDropoutNormReLU(
              (conv): Conv3d(256, 256, kernel_size=(3, 3, 3), stride=(1, 1, 1), padding=(1, 1, 1))
              (norm): InstanceNorm3d(256, eps=1e-05, momentum=0.1, affine=True, track_running_stats=False)
              (all_modules): Sequential(
                (0): Conv3d(256, 256, kernel_size=(3, 3, 3), stride=(1, 1, 1), padding=(1, 1, 1))
                (1): InstanceNorm3d(256, eps=1e-05, momentum=0.1, affine=True, track_running_stats=False)
              )
            )
            (nonlin2): LeakyReLU(negative_slope=0.01, inplace=True)
          )
        )
      )
      (2): StackedResidualBlocks(
        (blocks): Sequential(
          (0): BasicBlockD(
            (conv1): ConvDropoutNormReLU(
              (conv): Conv3d(256, 128, kernel_size=(3, 3, 3), stride=(1, 1, 1), padding=(1, 1, 1))
              (norm): InstanceNorm3d(128, eps=1e-05, momentum=0.1, affine=True, track_running_stats=False)
              (nonlin): LeakyReLU(negative_slope=0.01, inplace=True)
              (all_modules): Sequential(
                (0): Conv3d(256, 128, kernel_size=(3, 3, 3), stride=(1, 1, 1), padding=(1, 1, 1))
                (1): InstanceNorm3d(128, eps=1e-05, momentum=0.1, affine=True, track_running_stats=False)
                (2): LeakyReLU(negative_slope=0.01, inplace=True)
              )
            )
            (conv2): ConvDropoutNormReLU(
              (conv): Conv3d(128, 128, kernel_size=(3, 3, 3), stride=(1, 1, 1), padding=(1, 1, 1))
              (norm): InstanceNorm3d(128, eps=1e-05, momentum=0.1, affine=True, track_running_stats=False)
              (all_modules): Sequential(
                (0): Conv3d(128, 128, kernel_size=(3, 3, 3), stride=(1, 1, 1), padding=(1, 1, 1))
                (1): InstanceNorm3d(128, eps=1e-05, momentum=0.1, affine=True, track_running_stats=False)
              )
            )
            (nonlin2): LeakyReLU(negative_slope=0.01, inplace=True)
            (skip): Sequential(
              (0): ConvDropoutNormReLU(
                (conv): Conv3d(256, 128, kernel_size=(1, 1, 1), stride=(1, 1, 1), bias=False)
                (norm): InstanceNorm3d(128, eps=1e-05, momentum=0.1, affine=True, track_running_stats=False)
                (all_modules): Sequential(
                  (0): Conv3d(256, 128, kernel_size=(1, 1, 1), stride=(1, 1, 1), bias=False)
                  (1): InstanceNorm3d(128, eps=1e-05, momentum=0.1, affine=True, track_running_stats=False)
                )
              )
            )
          )
          (1): BasicBlockD(
            (conv1): ConvDropoutNormReLU(
              (conv): Conv3d(128, 128, kernel_size=(3, 3, 3), stride=(1, 1, 1), padding=(1, 1, 1))
              (norm): InstanceNorm3d(128, eps=1e-05, momentum=0.1, affine=True, track_running_stats=False)
              (nonlin): LeakyReLU(negative_slope=0.01, inplace=True)
              (all_modules): Sequential(
                (0): Conv3d(128, 128, kernel_size=(3, 3, 3), stride=(1, 1, 1), padding=(1, 1, 1))
                (1): InstanceNorm3d(128, eps=1e-05, momentum=0.1, affine=True, track_running_stats=False)
                (2): LeakyReLU(negative_slope=0.01, inplace=True)
              )
            )
            (conv2): ConvDropoutNormReLU(
              (conv): Conv3d(128, 128, kernel_size=(3, 3, 3), stride=(1, 1, 1), padding=(1, 1, 1))
              (norm): InstanceNorm3d(128, eps=1e-05, momentum=0.1, affine=True, track_running_stats=False)
              (all_modules): Sequential(
                (0): Conv3d(128, 128, kernel_size=(3, 3, 3), stride=(1, 1, 1), padding=(1, 1, 1))
                (1): InstanceNorm3d(128, eps=1e-05, momentum=0.1, affine=True, track_running_stats=False)
              )
            )
            (nonlin2): LeakyReLU(negative_slope=0.01, inplace=True)
          )
        )
      )
      (3): StackedResidualBlocks(
        (blocks): Sequential(
          (0): BasicBlockD(
            (conv1): ConvDropoutNormReLU(
              (conv): Conv3d(128, 64, kernel_size=(3, 3, 3), stride=(1, 1, 1), padding=(1, 1, 1))
              (norm): InstanceNorm3d(64, eps=1e-05, momentum=0.1, affine=True, track_running_stats=False)
              (nonlin): LeakyReLU(negative_slope=0.01, inplace=True)
              (all_modules): Sequential(
                (0): Conv3d(128, 64, kernel_size=(3, 3, 3), stride=(1, 1, 1), padding=(1, 1, 1))
                (1): InstanceNorm3d(64, eps=1e-05, momentum=0.1, affine=True, track_running_stats=False)
                (2): LeakyReLU(negative_slope=0.01, inplace=True)
              )
            )
            (conv2): ConvDropoutNormReLU(
              (conv): Conv3d(64, 64, kernel_size=(3, 3, 3), stride=(1, 1, 1), padding=(1, 1, 1))
              (norm): InstanceNorm3d(64, eps=1e-05, momentum=0.1, affine=True, track_running_stats=False)
              (all_modules): Sequential(
                (0): Conv3d(64, 64, kernel_size=(3, 3, 3), stride=(1, 1, 1), padding=(1, 1, 1))
                (1): InstanceNorm3d(64, eps=1e-05, momentum=0.1, affine=True, track_running_stats=False)
              )
            )
            (nonlin2): LeakyReLU(negative_slope=0.01, inplace=True)
            (skip): Sequential(
              (0): ConvDropoutNormReLU(
                (conv): Conv3d(128, 64, kernel_size=(1, 1, 1), stride=(1, 1, 1), bias=False)
                (norm): InstanceNorm3d(64, eps=1e-05, momentum=0.1, affine=True, track_running_stats=False)
                (all_modules): Sequential(
                  (0): Conv3d(128, 64, kernel_size=(1, 1, 1), stride=(1, 1, 1), bias=False)
                  (1): InstanceNorm3d(64, eps=1e-05, momentum=0.1, affine=True, track_running_stats=False)
                )
              )
            )
          )
          (1): BasicBlockD(
            (conv1): ConvDropoutNormReLU(
              (conv): Conv3d(64, 64, kernel_size=(3, 3, 3), stride=(1, 1, 1), padding=(1, 1, 1))
              (norm): InstanceNorm3d(64, eps=1e-05, momentum=0.1, affine=True, track_running_stats=False)
              (nonlin): LeakyReLU(negative_slope=0.01, inplace=True)
              (all_modules): Sequential(
                (0): Conv3d(64, 64, kernel_size=(3, 3, 3), stride=(1, 1, 1), padding=(1, 1, 1))
                (1): InstanceNorm3d(64, eps=1e-05, momentum=0.1, affine=True, track_running_stats=False)
                (2): LeakyReLU(negative_slope=0.01, inplace=True)
              )
            )
            (conv2): ConvDropoutNormReLU(
              (conv): Conv3d(64, 64, kernel_size=(3, 3, 3), stride=(1, 1, 1), padding=(1, 1, 1))
              (norm): InstanceNorm3d(64, eps=1e-05, momentum=0.1, affine=True, track_running_stats=False)
              (all_modules): Sequential(
                (0): Conv3d(64, 64, kernel_size=(3, 3, 3), stride=(1, 1, 1), padding=(1, 1, 1))
                (1): InstanceNorm3d(64, eps=1e-05, momentum=0.1, affine=True, track_running_stats=False)
              )
            )
            (nonlin2): LeakyReLU(negative_slope=0.01, inplace=True)
          )
        )
      )
      (4): StackedResidualBlocks(
        (blocks): Sequential(
          (0): BasicBlockD(
            (conv1): ConvDropoutNormReLU(
              (conv): Conv3d(64, 32, kernel_size=(3, 3, 3), stride=(1, 1, 1), padding=(1, 1, 1))
              (norm): InstanceNorm3d(32, eps=1e-05, momentum=0.1, affine=True, track_running_stats=False)
              (nonlin): LeakyReLU(negative_slope=0.01, inplace=True)
              (all_modules): Sequential(
                (0): Conv3d(64, 32, kernel_size=(3, 3, 3), stride=(1, 1, 1), padding=(1, 1, 1))
                (1): InstanceNorm3d(32, eps=1e-05, momentum=0.1, affine=True, track_running_stats=False)
                (2): LeakyReLU(negative_slope=0.01, inplace=True)
              )
            )
            (conv2): ConvDropoutNormReLU(
              (conv): Conv3d(32, 32, kernel_size=(3, 3, 3), stride=(1, 1, 1), padding=(1, 1, 1))
              (norm): InstanceNorm3d(32, eps=1e-05, momentum=0.1, affine=True, track_running_stats=False)
              (all_modules): Sequential(
                (0): Conv3d(32, 32, kernel_size=(3, 3, 3), stride=(1, 1, 1), padding=(1, 1, 1))
                (1): InstanceNorm3d(32, eps=1e-05, momentum=0.1, affine=True, track_running_stats=False)
              )
            )
            (nonlin2): LeakyReLU(negative_slope=0.01, inplace=True)
            (skip): Sequential(
              (0): ConvDropoutNormReLU(
                (conv): Conv3d(64, 32, kernel_size=(1, 1, 1), stride=(1, 1, 1), bias=False)
                (norm): InstanceNorm3d(32, eps=1e-05, momentum=0.1, affine=True, track_running_stats=False)
                (all_modules): Sequential(
                  (0): Conv3d(64, 32, kernel_size=(1, 1, 1), stride=(1, 1, 1), bias=False)
                  (1): InstanceNorm3d(32, eps=1e-05, momentum=0.1, affine=True, track_running_stats=False)
                )
              )
            )
          )
          (1): BasicBlockD(
            (conv1): ConvDropoutNormReLU(
              (conv): Conv3d(32, 32, kernel_size=(3, 3, 3), stride=(1, 1, 1), padding=(1, 1, 1))
              (norm): InstanceNorm3d(32, eps=1e-05, momentum=0.1, affine=True, track_running_stats=False)
              (nonlin): LeakyReLU(negative_slope=0.01, inplace=True)
              (all_modules): Sequential(
                (0): Conv3d(32, 32, kernel_size=(3, 3, 3), stride=(1, 1, 1), padding=(1, 1, 1))
                (1): InstanceNorm3d(32, eps=1e-05, momentum=0.1, affine=True, track_running_stats=False)
                (2): LeakyReLU(negative_slope=0.01, inplace=True)
              )
            )
            (conv2): ConvDropoutNormReLU(
              (conv): Conv3d(32, 32, kernel_size=(3, 3, 3), stride=(1, 1, 1), padding=(1, 1, 1))
              (norm): InstanceNorm3d(32, eps=1e-05, momentum=0.1, affine=True, track_running_stats=False)
              (all_modules): Sequential(
                (0): Conv3d(32, 32, kernel_size=(3, 3, 3), stride=(1, 1, 1), padding=(1, 1, 1))
                (1): InstanceNorm3d(32, eps=1e-05, momentum=0.1, affine=True, track_running_stats=False)
              )
            )
            (nonlin2): LeakyReLU(negative_slope=0.01, inplace=True)
          )
        )
      )
    )
    (transpconvs): ModuleList(
      (0): ConvTranspose3d(320, 320, kernel_size=(2, 2, 2), stride=(2, 2, 2))
      (1): ConvTranspose3d(320, 256, kernel_size=(2, 2, 2), stride=(2, 2, 2))
      (2): ConvTranspose3d(256, 128, kernel_size=(2, 2, 2), stride=(2, 2, 2))
      (3): ConvTranspose3d(128, 64, kernel_size=(2, 2, 2), stride=(2, 2, 2))
      (4): ConvTranspose3d(64, 32, kernel_size=(2, 2, 2), stride=(2, 2, 2))
    )
    (seg_layers): ModuleList(
      (0): Conv3d(320, 4, kernel_size=(1, 1, 1), stride=(1, 1, 1))
      (1): Conv3d(256, 4, kernel_size=(1, 1, 1), stride=(1, 1, 1))
      (2): Conv3d(128, 4, kernel_size=(1, 1, 1), stride=(1, 1, 1))
      (3): Conv3d(64, 4, kernel_size=(1, 1, 1), stride=(1, 1, 1))
      (4): Conv3d(32, 4, kernel_size=(1, 1, 1), stride=(1, 1, 1))
    )
  )
)

This is the configuration used by this training:
Configuration name: 3d_fullres
 {'data_identifier': 'nnUNetPlans_3d_fullres', 'preprocessor_name': 'DefaultPreprocessor', 'batch_size': 2, 'patch_size': [128, 128, 128], 'median_image_size_in_voxels': [138.0, 169.5, 138.0], 'spacing': [1.0, 1.0, 1.0], 'normalization_schemes': ['ZScoreNormalization', 'ZScoreNormalization', 'ZScoreNormalization', 'ZScoreNormalization'], 'use_mask_for_norm': [True, True, True, True], 'UNet_class_name': 'PlainConvUNet', 'UNet_base_num_features': 32, 'n_conv_per_stage_encoder': [2, 2, 2, 2, 2, 2], 'n_conv_per_stage_decoder': [2, 2, 2, 2, 2], 'num_pool_per_axis': [5, 5, 5], 'pool_op_kernel_sizes': [[1, 1, 1], [2, 2, 2], [2, 2, 2], [2, 2, 2], [2, 2, 2], [2, 2, 2]], 'conv_kernel_sizes': [[3, 3, 3], [3, 3, 3], [3, 3, 3], [3, 3, 3], [3, 3, 3], [3, 3, 3]], 'unet_max_num_features': 320, 'resampling_fn_data': 'resample_data_or_seg_to_shape', 'resampling_fn_seg': 'resample_data_or_seg_to_shape', 'resampling_fn_data_kwargs': {'is_seg': False, 'order': 3, 'order_z': 0, 'force_separate_z': None}, 'resampling_fn_seg_kwargs': {'is_seg': True, 'order': 1, 'order_z': 0, 'force_separate_z': None}, 'resampling_fn_probabilities': 'resample_data_or_seg_to_shape', 'resampling_fn_probabilities_kwargs': {'is_seg': False, 'order': 1, 'order_z': 0, 'force_separate_z': None}, 'batch_dice': False} 

These are the global plan.json settings:
 {'dataset_name': 'Dataset001_BrainTumour', 'plans_name': 'nnUNetPlans', 'original_median_spacing_after_transp': [1.0, 1.0, 1.0], 'original_median_shape_after_transp': [138, 170, 138], 'image_reader_writer': 'SimpleITKIO', 'transpose_forward': [0, 1, 2], 'transpose_backward': [0, 1, 2], 'experiment_planner_used': 'ExperimentPlanner', 'label_manager': 'LabelManager', 'foreground_intensity_properties_per_channel': {'0': {'max': 5721.0, 'mean': 729.61279296875, 'median': 777.0, 'min': 0.0, 'percentile_00_5': 102.0, 'percentile_99_5': 1742.0, 'std': 355.8221130371094}, '1': {'max': 8761.0, 'mean': 622.159912109375, 'median': 641.0, 'min': 0.0, 'percentile_00_5': 71.0, 'percentile_99_5': 2455.0, 'std': 337.34832763671875}, '2': {'max': 9012.0, 'mean': 664.272705078125, 'median': 636.0, 'min': 0.0, 'percentile_00_5': 45.0, 'percentile_99_5': 3025.0, 'std': 424.4907531738281}, '3': {'max': 3358.0, 'mean': 665.7113037109375, 'median': 649.0, 'min': 0.0, 'percentile_00_5': 102.0, 'percentile_99_5': 1971.0, 'std': 316.4232482910156}}} 

2024-03-01 08:44:07.713639: unpacking dataset...
2024-03-01 08:44:12.775512: unpacking done...
2024-03-01 08:44:12.795524: do_dummy_2d_data_aug: False
2024-03-01 08:44:12.814286: Using splits from existing split file: /unimore_home/llumetti/ECCV_MICCAI/U-Mamba/data/nnUNet_preprocessed/Dataset001_BrainTumour/splits_final.json
2024-03-01 08:44:12.822637: The split file contains 5 splits.
2024-03-01 08:44:12.823954: Desired fold for training: 0
2024-03-01 08:44:12.825206: This split has 368 training and 92 validation cases.
2024-03-01 08:44:12.905698: Unable to plot network architecture:
2024-03-01 08:44:12.907228: No module named 'hiddenlayer'
2024-03-01 08:44:13.048186: 
2024-03-01 08:44:13.049862: Epoch 150
2024-03-01 08:44:13.051138: Current learning rate: 0.00016
